<?xml version="1.0" encoding="UTF-8"?>
<!-- Generated by org.testng.reporters.JUnitReportReporter -->
<testsuite skipped="0" hostname="user-PC" name="com.MavenPractice.MavenPractice.TestRun" tests="1" failures="0" timestamp="15 Feb 2020 10:46:14 GMT" time="12.814" errors="0">
  <testcase name="TestApplication" time="12.814" classname="com.MavenPractice.MavenPractice.TestRun"/>
</testsuite> <!-- com.MavenPractice.MavenPractice.TestRun -->
